<?xml version="1.0" encoding="UTF-8"?>
<testExecutions version="1">
  <file path="/Users/julian.ostmo@ibm.com/Documents/Training/XP Farm/tictactoe_team/features/gameflow.steps.js">
    <testCase name="Game Flow Game Board Creation Phase" duration="3"/>
  </file>
</testExecutions>