<?xml version="1.0" encoding="UTF-8"?>
<testExecutions version="1">
  <file path="/Users/julian.ostmo@ibm.com/Documents/Training/XP Farm/tictactoe_team/__tests__/game.test.js">
    <testCase name="Given a new TicTacToe game When the game starts Then a new board is created" duration="4"/>
  </file>
  <file path="/Users/julian.ostmo@ibm.com/Documents/Training/XP Farm/tictactoe_team/__tests__/board.test.js">
    <testCase name="Given a TicTacToe board When the board is initialised Then a new board object is created" duration="2"/>
  </file>
</testExecutions>