<?xml version="1.0" encoding="UTF-8"?>
<testExecutions version="1">
  <file path="/Users/julian.ostmo@ibm.com/Documents/Training/XP Farm/tictactoe_team/features/gameflow.steps.js">
    <testCase name="Game Flow Game Board Creation Phase" duration="10"/>
    <testCase name="Game Flow First Round" duration="4"/>
    <testCase name="Game Flow Second Round" duration="1"/>
    <testCase name="Game Flow Last Rond" duration="1"/>
  </file>
  <file path="/Users/julian.ostmo@ibm.com/Documents/Training/XP Farm/tictactoe_team/features/winningconditions.steps.js">
    <testCase name="Winning Conditions Vertical winning condition" duration="20">
      <failure message="Error: expect(received).toEqual(expected) // deep equality"><![CDATA[Error: expect(received).toEqual(expected) // deep equality

- Expected  - 17
+ Received  +  9

@@ -16,45 +16,37 @@
  -+-+-
   | | 

  ",
    "Player O:
- X| | 
+ X|O| 
  -+-+-
- O| | 
+  | | 
  -+-+-
   | | 

  ",
    "Player X:
- X| |X
+ X|O| 
  -+-+-
- O| | 
+ X| | 
  -+-+-
   | | 

  ",
    "Player O:
- X| |X
+ X|O| 
  -+-+-
- O|O| 
+ X|O| 
  -+-+-
   | | 

  ",
    "Player X:
- X| |X
+ X|O| 
  -+-+-
- O|O| 
+ X|O| 
  -+-+-
  X| | 

- ",
-   "Player X:
- X| |X
- -+-+-
- O|O|O
- -+-+-
- X| | 
-
- PLAYER O WON!",
+ PLAYER X WON!",
  ]
    at Object.stepFunction (/Users/julian.ostmo@ibm.com/Documents/Training/XP Farm/tictactoe_team/features/winningconditions.steps.js:206:27)
    at /Users/julian.ostmo@ibm.com/Documents/Training/XP Farm/tictactoe_team/node_modules/jest-cucumber/src/feature-definition-creation.ts:134:65
    at processTicksAndRejections (node:internal/process/task_queues:96:5)]]></failure>
    </testCase>
  </file>
</testExecutions>