<?xml version="1.0" encoding="UTF-8"?>
<testExecutions version="1">
  <file path="/Users/julian.ostmo@ibm.com/Documents/Training/XP Farm/tictactoe_team/features/winningconditions.steps.js">
    <testCase name="Winning Conditions Vertical winning condition" duration="5"/>
  </file>
  <file path="/Users/julian.ostmo@ibm.com/Documents/Training/XP Farm/tictactoe_team/features/gameflow.steps.js">
    <testCase name="Game Flow Game Board Creation Phase" duration="6"/>
    <testCase name="Game Flow First Round" duration="4"/>
    <testCase name="Game Flow Second Round" duration="1"/>
    <testCase name="Game Flow Last Rond" duration="1"/>
  </file>
</testExecutions>