<?xml version="1.0" encoding="UTF-8"?>
<testExecutions version="1">
  <file path="/Users/julian.ostmo@ibm.com/Documents/Training/XP Farm/tictactoe_team/features/gameflow.steps.js">
    <testCase name="Game Flow Game Board Creation Phase" duration="7"/>
    <testCase name="Game Flow First Round" duration="1"/>
    <testCase name="Game Flow Second Round" duration="1"/>
    <testCase name="Game Flow Last Rond" duration="1"/>
  </file>
  <file path="/Users/julian.ostmo@ibm.com/Documents/Training/XP Farm/tictactoe_team/features/winningconditions.steps.js">
    <testCase name="Winning Conditions Vertical winning condition" duration="18">
      <failure message="Error: expect(received).toEqual(expected) // deep equality"><![CDATA[Error: expect(received).toEqual(expected) // deep equality

- Expected  -  2
+ Received  + 31

@@ -47,9 +47,38 @@
  X|O| 
  -+-+-
  X| | 

  ",
-   "
+   "Player O:
+ X|O| 
+ -+-+-
+ X|O|O
+ -+-+-
+ X| | 
+
+ ",
+   "Player X:
+ X|O|X
+ -+-+-
+ X|O|O
+ -+-+-
+ X| | 
+
+ ",
+   "Player O:
+ X|O|X
+ -+-+-
+ X|O|O
+ -+-+-
+ X|O| 
+
  ",
-   "PLAYER X WON!",
+   "Player X:
+ X|O|X
+ -+-+-
+ X|O|O
+ -+-+-
+ X|O|X
+
+ ",
  ]
    at Object.stepFunction (/Users/julian.ostmo@ibm.com/Documents/Training/XP Farm/tictactoe_team/features/winningconditions.steps.js:101:27)
    at /Users/julian.ostmo@ibm.com/Documents/Training/XP Farm/tictactoe_team/node_modules/jest-cucumber/src/feature-definition-creation.ts:134:65
    at processTicksAndRejections (node:internal/process/task_queues:96:5)]]></failure>
    </testCase>
  </file>
</testExecutions>