<?xml version="1.0" encoding="UTF-8"?>
<testExecutions version="1">
  <file path="/home/sylk/IdeaProjects/xpfarm/tictactoe_team/features/gameflow.steps.js">
    <testCase name="Game Flow Game Board Creation Phase" duration="4"/>
    <testCase name="Game Flow First Round" duration="2"/>
    <testCase name="Game Flow Second Round" duration="0"/>
    <testCase name="Game Flow Last Rond" duration="1"/>
  </file>
  <file path="/home/sylk/IdeaProjects/xpfarm/tictactoe_team/features/winningconditions.steps.js">
    <testCase name="Winning Conditions Vertical winning condition" duration="14">
      <failure message="Error: expect(received).toEqual(expected) // deep equality"><![CDATA[Error: expect(received).toEqual(expected) // deep equality

- Expected  - 4
+ Received  + 1

@@ -46,10 +46,7 @@
  -+-+-
  X|O| 
  -+-+-
  X| | 

- ",
-   "
- ",
-   "PLAYER X WON!",
+ PLAYER X WON!",
  ]
    at Object.stepFunction (/home/sylk/IdeaProjects/xpfarm/tictactoe_team/features/winningconditions.steps.js:101:27)
    at /home/sylk/IdeaProjects/xpfarm/tictactoe_team/node_modules/jest-cucumber/src/feature-definition-creation.ts:134:65
    at processTicksAndRejections (node:internal/process/task_queues:96:5)]]></failure>
    </testCase>
  </file>
  <file path="/home/sylk/IdeaProjects/xpfarm/tictactoe_team/__tests__/game.test.js">
    <testCase name="Given a TicTacToe game When a new game starts Then a new board is created" duration="3"/>
    <testCase name="Given a TicTacToe game When a new game starts Then the &quot;Game Board Creation...&quot; message is printed" duration="1"/>
    <testCase name="Given a TicTacToe game When a new game starts Then the empty board is printed" duration="0"/>
    <testCase name="Given a TicTacToe game When a new game starts Then the &quot;Board Created.&quot; message is printed" duration="1"/>
    <testCase name="Given a TicTacToe game When a new game starts Then Player X is the current player" duration="2"/>
    <testCase name="Given a TicTacToe game When a new game starts Then the &quot;The game will start with player X&quot; message is printed" duration="1"/>
    <testCase name="Given a TicTacToe game When it is the first round of the game And Player X places their mark on the board Then the mark will be added to the board" duration="0"/>
    <testCase name="Given a TicTacToe game When it is the first round of the game And Player X places their mark on the board Then the &quot;Player X:&quot; message is printed" duration="1"/>
    <testCase name="Given a TicTacToe game When it is the first round of the game And Player X places their mark on the board Then the board with the new mark is printed" duration="1"/>
    <testCase name="Given a TicTacToe game When it is the first round of the game And Player X places their mark on the board Then the current player is set to Player O" duration="0"/>
    <testCase name="Given a TicTacToe game When it is the second round of the game And Player O places their mark on the board Then the mark will be added to the board" duration="0"/>
    <testCase name="Given a TicTacToe game When it is the second round of the game And Player O places their mark on the board Then the &quot;Player O:&quot; message is printed" duration="1"/>
    <testCase name="Given a TicTacToe game When it is the second round of the game And Player O places their mark on the board Then the board with the new mark is printed" duration="1"/>
    <testCase name="Given a TicTacToe game When it is the last round of the game Then the final round of the game is printed" duration="0"/>
    <testCase name="Given a TicTacToe game When Player X has placed their mark and the X marks fulfil a vertical winning condition Then the game is checking the board for a win" duration="1"/>
    <testCase name="Given a TicTacToe game When Player X has placed their mark and the X marks fulfil a vertical winning condition Then the PLAYER X WON! message is printed" duration="1"/>
    <testCase name="Given a TicTacToe game When Player X has placed their mark and Player X is announced as winner Then the game ends" duration="0"/>
  </file>
</testExecutions>