<?xml version="1.0" encoding="UTF-8"?>
<testExecutions version="1">
  <file path="/Users/julian.ostmo@ibm.com/Documents/Training/XP Farm/tictactoe_team/__tests__/board.test.js">
    <testCase name="Given a TicTacToe board When the board is initialised Then a new board object is created" duration="2"/>
  </file>
  <file path="/Users/julian.ostmo@ibm.com/Documents/Training/XP Farm/tictactoe_team/__tests__/game.test.js">
    <testCase name="Given a new TicTacToe game When the game starts Then a new board is created" duration="3"/>
    <testCase name="Given a new TicTacToe game When the game starts Then the &quot;Game Board Creation...&quot; message is printed" duration="0"/>
    <testCase name="Given a new TicTacToe game When the game starts Then the empty board is printed" duration="0"/>
    <testCase name="Given a new TicTacToe game When the game starts Then the &quot;Board Created.&quot; message is printed" duration="0"/>
    <testCase name="Given a new TicTacToe game When the game starts Then the &quot;The game will start with player X&quot; message is printed" duration="1"/>
    <testCase name="Given the first round of a TicTacToe game When Player X places their mark on the board Then the mark will be added to the board" duration="1"/>
    <testCase name="Given the first round of a TicTacToe game When Player X places their mark on the board Then the &quot;Player X:&quot; message is printed" duration="2">
      <failure message="Error: expect(received).toContain(expected) // indexOf"><![CDATA[Error: expect(received).toContain(expected) // indexOf

Matcher error: received value must not be null nor undefined

Received has value: undefined
    at Object.<anonymous> (/Users/julian.ostmo@ibm.com/Documents/Training/XP Farm/tictactoe_team/__tests__/game.test.js:67:32)
    at Object.asyncJestTest (/Users/julian.ostmo@ibm.com/Documents/Training/XP Farm/tictactoe_team/node_modules/jest-jasmine2/build/jasmineAsyncInstall.js:106:37)
    at /Users/julian.ostmo@ibm.com/Documents/Training/XP Farm/tictactoe_team/node_modules/jest-jasmine2/build/queueRunner.js:45:12
    at new Promise (<anonymous>)
    at mapper (/Users/julian.ostmo@ibm.com/Documents/Training/XP Farm/tictactoe_team/node_modules/jest-jasmine2/build/queueRunner.js:28:19)
    at /Users/julian.ostmo@ibm.com/Documents/Training/XP Farm/tictactoe_team/node_modules/jest-jasmine2/build/queueRunner.js:75:41
    at processTicksAndRejections (node:internal/process/task_queues:96:5)]]></failure>
    </testCase>
  </file>
</testExecutions>